<?xml version="1.0" encoding="UTF-8"?>
<!-- Generated by org.testng.reporters.JUnitReportReporter -->
<testsuite hostname="DESKTOP-7KV25OJ" failures="0" tests="2" name="firstproject1.AddOddNumberItem" time="6.847" errors="0" timestamp="2024-03-05T19:37:01 EET" skipped="0">
  <testcase classname="firstproject1.AddOddNumberItem" name="LoginTest" time="6.619"/>
  <system-out/>
  <testcase classname="firstproject1.AddOddNumberItem" name="AddEnenNumberItems" time="0.228"/>
  <system-out/>
</testsuite> <!-- firstproject1.AddOddNumberItem -->
