<?xml version="1.0" encoding="UTF-8"?>
<!-- Generated by org.testng.reporters.JUnitReportReporter -->
<testsuite hostname="DESKTOP-7KV25OJ" failures="0" tests="2" name="firstproject1.AddEvenNumberItem" time="6.511" errors="0" timestamp="2024-03-05T19:35:12 EET" skipped="0">
  <testcase classname="firstproject1.AddEvenNumberItem" name="LoginTest" time="6.214"/>
  <system-out/>
  <testcase classname="firstproject1.AddEvenNumberItem" name="AddEnenNumberItems" time="0.297"/>
  <system-out/>
</testsuite> <!-- firstproject1.AddEvenNumberItem -->
