<?xml version="1.0" encoding="UTF-8"?>
<!-- Generated by org.testng.reporters.JUnitReportReporter -->
<testsuite hostname="DESKTOP-7KV25OJ" failures="0" tests="6" name="firstproject1.AddSpecifacItems" time="5.796" errors="0" timestamp="2024-03-05T20:20:20 EET" skipped="4">
  <testcase classname="firstproject1.AddSpecifacItems" name="LoginTest" time="5.522"/>
  <system-out/>
  <testcase classname="firstproject1.AddSpecifacItems" name="AddAllItemAndStopAtOneItem" time="0.274"/>
  <system-out/>
  <testcase classname="firstproject1.AddSpecifacItems" name="AddSpecifacItemBasedOnTheIndex">
    <skipped/>
  </testcase> <!-- AddSpecifacItemBasedOnTheIndex -->
  <system-out/>
  <testcase classname="firstproject1.AddSpecifacItems" name="AddAllItemsExceptForOne">
    <skipped/>
  </testcase> <!-- AddAllItemsExceptForOne -->
  <system-out/>
  <testcase classname="firstproject1.AddSpecifacItems" name="AddSpecifacItemBasedOnTheNameItem">
    <skipped/>
  </testcase> <!-- AddSpecifacItemBasedOnTheNameItem -->
  <system-out/>
  <testcase classname="firstproject1.AddSpecifacItems" name="AddTwoSpecifacItemBasedOnTheNames">
    <skipped/>
  </testcase> <!-- AddTwoSpecifacItemBasedOnTheNames -->
  <system-out/>
</testsuite> <!-- firstproject1.AddSpecifacItems -->
